# JRE version: OpenJDK Runtime Environment (21.0.6) (build 21.0.6+-13391695-b895.109)
# Java VM: OpenJDK 64-Bit Server VM (21.0.6+-13391695-b895.109, mixed mode, tiered, compressed oops, compressed class ptrs, g1 gc, windows-amd64)
GC Precious Log:
 CardTable entry size: 512
 Card Set container configuration: InlinePtr #cards 5 size 8 Array Of Cards #cards 12 size 40 Howl #buckets 4 coarsen threshold 1843 Howl Bitmap #cards 512 size 80 coarsen threshold 460 Card regions per heap region 1 cards per card region 2048
 CPUs: 12 total, 12 available
 Memory: 15693M
 Large Page Support: Disabled
 NUMA Support: Disabled
 Compressed Oops: Enabled (32-bit)
 Heap Region Size: 1M
 Heap Min Capacity: 8M
 Heap Initial Capacity: 246M
 Heap Max Capacity: 2G
 Pre-touch: Disabled
 Parallel Workers: 10
 Concurrent Workers: 3
 Concurrent Refinement Workers: 10
 Periodic GC: Disabled
Heap:
 garbage-first heap   total 148480K, used 111684K [0x0000000080000000, 0x0000000100000000)
  region size 1024K, 30 young (30720K), 6 survivors (6144K)
 Metaspace       used 88616K, committed 90624K, reserved 1179648K
  class space    used 11742K, committed 12736K, reserved 1048576K
GC Heap History (20 events):
Event: 13.646 GC heap before
{Heap before GC invocations=23 (full 0):
 garbage-first heap   total 88064K, used 76925K [0x0000000080000000, 0x0000000100000000)
  region size 1024K, 29 young (29696K), 4 survivors (4096K)
 Metaspace       used 72023K, committed 73792K, reserved 1114112K
  class space    used 9769K, committed 10624K, reserved 1048576K
}
Event: 13.656 GC heap after
{Heap after GC invocations=24 (full 0):
 garbage-first heap   total 88064K, used 55698K [0x0000000080000000, 0x0000000100000000)
  region size 1024K, 4 young (4096K), 4 survivors (4096K)
 Metaspace       used 72023K, committed 73792K, reserved 1114112K
  class space    used 9769K, committed 10624K, reserved 1048576K
}
Event: 13.837 GC heap before
{Heap before GC invocations=25 (full 0):
 garbage-first heap   total 94208K, used 76178K [0x0000000080000000, 0x0000000100000000)
  region size 1024K, 25 young (25600K), 4 survivors (4096K)
 Metaspace       used 72118K, committed 73856K, reserved 1114112K
  class space    used 9769K, committed 10624K, reserved 1048576K
}
Event: 13.839 GC heap after
{Heap after GC invocations=26 (full 0):
 garbage-first heap   total 94208K, used 56208K [0x0000000080000000, 0x0000000100000000)
  region size 1024K, 4 young (4096K), 4 survivors (4096K)
 Metaspace       used 72118K, committed 73856K, reserved 1114112K
  class space    used 9769K, committed 10624K, reserved 1048576K
}
Event: 13.947 GC heap before
{Heap before GC invocations=26 (full 0):
 garbage-first heap   total 94208K, used 81808K [0x0000000080000000, 0x0000000100000000)
  region size 1024K, 30 young (30720K), 4 survivors (4096K)
 Metaspace       used 72237K, committed 73984K, reserved 1114112K
  class space    used 9769K, committed 10624K, reserved 1048576K
}
Event: 13.951 GC heap after
{Heap after GC invocations=27 (full 0):
 garbage-first heap   total 113664K, used 55558K [0x0000000080000000, 0x0000000100000000)
  region size 1024K, 4 young (4096K), 4 survivors (4096K)
 Metaspace       used 72237K, committed 73984K, reserved 1114112K
  class space    used 9769K, committed 10624K, reserved 1048576K
}
Event: 14.161 GC heap before
{Heap before GC invocations=27 (full 0):
 garbage-first heap   total 113664K, used 98566K [0x0000000080000000, 0x0000000100000000)
  region size 1024K, 47 young (48128K), 4 survivors (4096K)
 Metaspace       used 72310K, committed 74112K, reserved 1114112K
  class space    used 9769K, committed 10624K, reserved 1048576K
}
Event: 14.165 GC heap after
{Heap after GC invocations=28 (full 0):
 garbage-first heap   total 113664K, used 56343K [0x0000000080000000, 0x0000000100000000)
  region size 1024K, 5 young (5120K), 5 survivors (5120K)
 Metaspace       used 72310K, committed 74112K, reserved 1114112K
  class space    used 9769K, committed 10624K, reserved 1048576K
}
Event: 14.421 GC heap before
{Heap before GC invocations=28 (full 0):
 garbage-first heap   total 113664K, used 99351K [0x0000000080000000, 0x0000000100000000)
  region size 1024K, 48 young (49152K), 5 survivors (5120K)
 Metaspace       used 72318K, committed 74112K, reserved 1114112K
  class space    used 9770K, committed 10624K, reserved 1048576K
}
Event: 14.425 GC heap after
{Heap after GC invocations=29 (full 0):
 garbage-first heap   total 113664K, used 57373K [0x0000000080000000, 0x0000000100000000)
  region size 1024K, 4 young (4096K), 4 survivors (4096K)
 Metaspace       used 72318K, committed 74112K, reserved 1114112K
  class space    used 9770K, committed 10624K, reserved 1048576K
}
Event: 14.713 GC heap before
{Heap before GC invocations=29 (full 0):
 garbage-first heap   total 113664K, used 75805K [0x0000000080000000, 0x0000000100000000)
  region size 1024K, 23 young (23552K), 4 survivors (4096K)
 Metaspace       used 72755K, committed 74560K, reserved 1114112K
  class space    used 9829K, committed 10752K, reserved 1048576K
}
Event: 14.717 GC heap after
{Heap after GC invocations=30 (full 0):
 garbage-first heap   total 113664K, used 59325K [0x0000000080000000, 0x0000000100000000)
  region size 1024K, 4 young (4096K), 4 survivors (4096K)
 Metaspace       used 72755K, committed 74560K, reserved 1114112K
  class space    used 9829K, committed 10752K, reserved 1048576K
}
Event: 15.357 GC heap before
{Heap before GC invocations=31 (full 0):
 garbage-first heap   total 113664K, used 109501K [0x0000000080000000, 0x0000000100000000)
  region size 1024K, 40 young (40960K), 4 survivors (4096K)
 Metaspace       used 74934K, committed 76800K, reserved 1179648K
  class space    used 10089K, committed 11008K, reserved 1048576K
}
Event: 15.362 GC heap after
{Heap after GC invocations=32 (full 0):
 garbage-first heap   total 147456K, used 80305K [0x0000000080000000, 0x0000000100000000)
  region size 1024K, 5 young (5120K), 5 survivors (5120K)
 Metaspace       used 74934K, committed 76800K, reserved 1179648K
  class space    used 10089K, committed 11008K, reserved 1048576K
}
Event: 16.146 GC heap before
{Heap before GC invocations=32 (full 0):
 garbage-first heap   total 147456K, used 121265K [0x0000000080000000, 0x0000000100000000)
  region size 1024K, 46 young (47104K), 5 survivors (5120K)
 Metaspace       used 79283K, committed 81280K, reserved 1179648K
  class space    used 10544K, committed 11520K, reserved 1048576K
}
Event: 16.151 GC heap after
{Heap after GC invocations=33 (full 0):
 garbage-first heap   total 147456K, used 80968K [0x0000000080000000, 0x0000000100000000)
  region size 1024K, 2 young (2048K), 2 survivors (2048K)
 Metaspace       used 79283K, committed 81280K, reserved 1179648K
  class space    used 10544K, committed 11520K, reserved 1048576K
}
Event: 16.944 GC heap before
{Heap before GC invocations=33 (full 0):
 garbage-first heap   total 147456K, used 121928K [0x0000000080000000, 0x0000000100000000)
  region size 1024K, 43 young (44032K), 2 survivors (2048K)
 Metaspace       used 84461K, committed 86464K, reserved 1179648K
  class space    used 11218K, committed 12224K, reserved 1048576K
}
Event: 16.948 GC heap after
{Heap after GC invocations=34 (full 0):
 garbage-first heap   total 147456K, used 83588K [0x0000000080000000, 0x0000000100000000)
  region size 1024K, 5 young (5120K), 5 survivors (5120K)
 Metaspace       used 84461K, committed 86464K, reserved 1179648K
  class space    used 11218K, committed 12224K, reserved 1048576K
}
Event: 17.763 GC heap before
{Heap before GC invocations=35 (full 0):
 garbage-first heap   total 148480K, used 131716K [0x0000000080000000, 0x0000000100000000)
  region size 1024K, 47 young (48128K), 5 survivors (5120K)
 Metaspace       used 86798K, committed 88768K, reserved 1179648K
  class space    used 11540K, committed 12544K, reserved 1048576K
}
Event: 17.768 GC heap after
{Heap after GC invocations=36 (full 0):
 garbage-first heap   total 148480K, used 88132K [0x0000000080000000, 0x0000000100000000)
  region size 1024K, 6 young (6144K), 6 survivors (6144K)
 Metaspace       used 86798K, committed 88768K, reserved 1179648K
  class space    used 11540K, committed 12544K, reserved 1048576K
}

